<?xml version="1.0" encoding="UTF-8"?>
<testsuite xmlns:xsi="http://www.w3.org/2001/XMLSchema-instance" xsi:noNamespaceSchemaLocation="https://maven.apache.org/surefire/maven-surefire-plugin/xsd/surefire-test-report-3.0.xsd" version="3.0" name="dao.AccountDAOImplTest" time="0.54" tests="5" errors="0" skipped="0" failures="0">
  <properties>
[...]
</properties>
  <testcase name="delete" classname="dao.AccountDAOImplTest" time="0.399">
    <system-err><![CDATA[[main] INFO com.zaxxer.hikari.HikariDataSource - HikariPool-1 - Starting...
[main] INFO com.zaxxer.hikari.HikariDataSource - HikariPool-1 - Start completed.
]]></system-err>
  </testcase>
  <testcase name="findAll" classname="dao.AccountDAOImplTest" time="0.021"/>
  <testcase name="update" classname="dao.AccountDAOImplTest" time="0.028"/>
  <testcase name="findById" classname="dao.AccountDAOImplTest" time="0.016"/>
  <testcase name="save" classname="dao.AccountDAOImplTest" time="0.034"/>
</testsuite>